[0m[[0m[0mdebug[0m] [0m[0m> Exec(~compile, Some(521fa580-c6cf-4d55-935e-37e0b36c6c6d), Some(CommandSource(console0)))[0m
[0m[[0m[0mdebug[0m] [0m[0m> Exec(__runWatch console0, None, Some(CommandSource(console0)))[0m
[0m[[0m[0mdebug[0m] [0m[0m> Exec(sbtStashOnFailure, None, Some(CommandSource(console0)))[0m
[0m[[0m[0mdebug[0m] [0m[0m> Exec(__preWatch console0, None, Some(CommandSource(console0)))[0m
[0m[[0m[0mdebug[0m] [0m[0m> Exec(compile, None, Some(CommandSource(console0)))[0m
[0m[[0m[0mdebug[0m] [0m[0mEvaluating tasks: Compile / compile[0m
[0m[[0m[0mdebug[0m] [0m[0mRunning task... Cancel: Signal, check cycles: false, forcegc: true[0m
[0m[[0m[0minfo[0m] [0m[0mcompiling 1 Scala source to C:\Users\monoc\OneDrive\ドキュメント\scala\target\scala-2.11\classes ...[0m
[0m[[0m[31merror[0m] [0m[0mC:\Users\monoc\OneDrive\ドキュメント\scala\src\main\scala\Tree.scala:4:12: class Node needs to be abstract, since method fold in class Tree of type [A](acc: A)(op: (T, T, A) => A)Unit is not defined[0m
[0m[[0m[31merror[0m] [0m[0mcase class Node[T](value:T,left:Tree[T],right:Tree[T]) extends Tree[T][0m
[0m[[0m[31merror[0m] [0m[0m           ^[0m
[0m[[0m[31merror[0m] [0m[0mC:\Users\monoc\OneDrive\ドキュメント\scala\src\main\scala\Tree.scala:5:13: object creation impossible, since method fold in class Tree of type [A](acc: A)(op: (Nothing, Nothing, A) => A)Unit is not defined[0m
[0m[[0m[31merror[0m] [0m[0mcase object Nil extends Tree[Nothing][0m
[0m[[0m[31merror[0m] [0m[0m            ^[0m
[0m[[0m[31merror[0m] [0m[0mtwo errors found[0m
[0m[[0m[31merror[0m] [0m[0m(Compile / [31mcompileIncremental[0m) Compilation failed[0m
[0m[[0m[31merror[0m] [0m[0mTotal time: 0 s, completed 2023/06/11 19:40:15[0m
[0m[[0m[0mdebug[0m] [0m[0m> Exec(resumeFromFailure, None, Some(CommandSource(console0)))[0m
[0m[[0m[0mdebug[0m] [0m[0m> Exec(sbtPopOnFailure, None, Some(CommandSource(console0)))[0m
[0m[[0m[0mdebug[0m] [0m[0m> Exec(__postWatch console0, None, Some(CommandSource(console0)))[0m
[0m[[0m[0mdebug[0m] [0m[0m> Exec(__waitWatch console0, None, Some(CommandSource(console0)))[0m
